<?xml version="1.0" encoding="UTF-8"?>
<!-- Generated by org.testng.reporters.JUnitReportReporter -->
<testsuite hostname="DESKTOP-G7M05P4" failures="0" tests="1" name="testclass.TestCase" time="158.128" errors="0" timestamp="2021-04-17T15:43:25 IST" skipped="0">
  <testcase classname="testclass.TestCase" name="testCase" time="158.128"/>
  <system-out/>
</testsuite> <!-- testclass.TestCase -->
